<?xml version="1.0" encoding="UTF-8"?>
<testsuite name="com.wonit.OrderServiceTest" tests="1" skipped="0" failures="0" errors="0" timestamp="2022-03-18T08:24:56" hostname="trevariui-MacBookPro-3.local" time="0.205">
  <properties/>
  <testcase name="order_behavior()" classname="com.wonit.OrderServiceTest" time="0.205"/>
  <system-out><![CDATA[]]></system-out>
  <system-err><![CDATA[]]></system-err>
</testsuite>
